<?xml version="1.0" encoding="UTF-8"?>
<!DOCTYPE coverage SYSTEM "http://cobertura.sourceforge.net/xml/coverage-04.dtd">
<coverage line-rate="1" branch-rate="0" lines-covered="390" lines-valid="390" branches-covered="0" branches-valid="0" complexity="25" version="0.4" timestamp="1710633684">
  <sources>
    <source>/app/src</source>
  </sources>
  <packages>
    <package name="Models/Page.php" line-rate="1" branch-rate="0" complexity="2">
      <classes>
        <class name="Playground\Cms\Models\Page" filename="Models/Page.php" line-rate="1" branch-rate="0" complexity="2">
          <methods>
            <method name="casts" signature="" line-rate="1" branch-rate="0" complexity="1">
              <lines>
                <line number="296" hits="8"/>
                <line number="297" hits="8"/>
                <line number="298" hits="8"/>
                <line number="299" hits="8"/>
                <line number="300" hits="8"/>
                <line number="301" hits="8"/>
                <line number="302" hits="8"/>
                <line number="303" hits="8"/>
                <line number="304" hits="8"/>
                <line number="305" hits="8"/>
                <line number="306" hits="8"/>
                <line number="307" hits="8"/>
                <line number="308" hits="8"/>
                <line number="309" hits="8"/>
                <line number="310" hits="8"/>
                <line number="311" hits="8"/>
                <line number="312" hits="8"/>
                <line number="313" hits="8"/>
                <line number="314" hits="8"/>
                <line number="315" hits="8"/>
                <line number="316" hits="8"/>
                <line number="317" hits="8"/>
                <line number="318" hits="8"/>
                <line number="319" hits="8"/>
                <line number="320" hits="8"/>
                <line number="321" hits="8"/>
                <line number="322" hits="8"/>
                <line number="323" hits="8"/>
                <line number="324" hits="8"/>
                <line number="325" hits="8"/>
                <line number="326" hits="8"/>
                <line number="327" hits="8"/>
                <line number="328" hits="8"/>
                <line number="329" hits="8"/>
                <line number="330" hits="8"/>
                <line number="331" hits="8"/>
                <line number="332" hits="8"/>
                <line number="333" hits="8"/>
                <line number="334" hits="8"/>
                <line number="335" hits="8"/>
                <line number="336" hits="8"/>
                <line number="337" hits="8"/>
                <line number="338" hits="8"/>
                <line number="339" hits="8"/>
                <line number="340" hits="8"/>
                <line number="341" hits="8"/>
                <line number="342" hits="8"/>
                <line number="343" hits="8"/>
                <line number="344" hits="8"/>
                <line number="345" hits="8"/>
                <line number="346" hits="8"/>
                <line number="347" hits="8"/>
                <line number="348" hits="8"/>
                <line number="349" hits="8"/>
                <line number="350" hits="8"/>
                <line number="351" hits="8"/>
                <line number="352" hits="8"/>
                <line number="353" hits="8"/>
                <line number="354" hits="8"/>
                <line number="355" hits="8"/>
                <line number="356" hits="8"/>
                <line number="357" hits="8"/>
                <line number="358" hits="8"/>
                <line number="359" hits="8"/>
                <line number="360" hits="8"/>
                <line number="361" hits="8"/>
                <line number="362" hits="8"/>
                <line number="363" hits="8"/>
                <line number="364" hits="8"/>
                <line number="365" hits="8"/>
                <line number="366" hits="8"/>
                <line number="367" hits="8"/>
                <line number="368" hits="8"/>
                <line number="369" hits="8"/>
                <line number="370" hits="8"/>
                <line number="371" hits="8"/>
                <line number="372" hits="8"/>
                <line number="373" hits="8"/>
                <line number="374" hits="8"/>
                <line number="375" hits="8"/>
                <line number="376" hits="8"/>
                <line number="377" hits="8"/>
                <line number="378" hits="8"/>
                <line number="379" hits="8"/>
              </lines>
            </method>
            <method name="revisions" signature="" line-rate="1" branch-rate="0" complexity="1">
              <lines>
                <line number="387" hits="2"/>
                <line number="388" hits="2"/>
                <line number="389" hits="2"/>
                <line number="390" hits="2"/>
                <line number="391" hits="2"/>
              </lines>
            </method>
          </methods>
          <lines>
            <line number="296" hits="8"/>
            <line number="297" hits="8"/>
            <line number="298" hits="8"/>
            <line number="299" hits="8"/>
            <line number="300" hits="8"/>
            <line number="301" hits="8"/>
            <line number="302" hits="8"/>
            <line number="303" hits="8"/>
            <line number="304" hits="8"/>
            <line number="305" hits="8"/>
            <line number="306" hits="8"/>
            <line number="307" hits="8"/>
            <line number="308" hits="8"/>
            <line number="309" hits="8"/>
            <line number="310" hits="8"/>
            <line number="311" hits="8"/>
            <line number="312" hits="8"/>
            <line number="313" hits="8"/>
            <line number="314" hits="8"/>
            <line number="315" hits="8"/>
            <line number="316" hits="8"/>
            <line number="317" hits="8"/>
            <line number="318" hits="8"/>
            <line number="319" hits="8"/>
            <line number="320" hits="8"/>
            <line number="321" hits="8"/>
            <line number="322" hits="8"/>
            <line number="323" hits="8"/>
            <line number="324" hits="8"/>
            <line number="325" hits="8"/>
            <line number="326" hits="8"/>
            <line number="327" hits="8"/>
            <line number="328" hits="8"/>
            <line number="329" hits="8"/>
            <line number="330" hits="8"/>
            <line number="331" hits="8"/>
            <line number="332" hits="8"/>
            <line number="333" hits="8"/>
            <line number="334" hits="8"/>
            <line number="335" hits="8"/>
            <line number="336" hits="8"/>
            <line number="337" hits="8"/>
            <line number="338" hits="8"/>
            <line number="339" hits="8"/>
            <line number="340" hits="8"/>
            <line number="341" hits="8"/>
            <line number="342" hits="8"/>
            <line number="343" hits="8"/>
            <line number="344" hits="8"/>
            <line number="345" hits="8"/>
            <line number="346" hits="8"/>
            <line number="347" hits="8"/>
            <line number="348" hits="8"/>
            <line number="349" hits="8"/>
            <line number="350" hits="8"/>
            <line number="351" hits="8"/>
            <line number="352" hits="8"/>
            <line number="353" hits="8"/>
            <line number="354" hits="8"/>
            <line number="355" hits="8"/>
            <line number="356" hits="8"/>
            <line number="357" hits="8"/>
            <line number="358" hits="8"/>
            <line number="359" hits="8"/>
            <line number="360" hits="8"/>
            <line number="361" hits="8"/>
            <line number="362" hits="8"/>
            <line number="363" hits="8"/>
            <line number="364" hits="8"/>
            <line number="365" hits="8"/>
            <line number="366" hits="8"/>
            <line number="367" hits="8"/>
            <line number="368" hits="8"/>
            <line number="369" hits="8"/>
            <line number="370" hits="8"/>
            <line number="371" hits="8"/>
            <line number="372" hits="8"/>
            <line number="373" hits="8"/>
            <line number="374" hits="8"/>
            <line number="375" hits="8"/>
            <line number="376" hits="8"/>
            <line number="377" hits="8"/>
            <line number="378" hits="8"/>
            <line number="379" hits="8"/>
            <line number="387" hits="2"/>
            <line number="388" hits="2"/>
            <line number="389" hits="2"/>
            <line number="390" hits="2"/>
            <line number="391" hits="2"/>
          </lines>
        </class>
      </classes>
    </package>
    <package name="Models/PageRevision.php" line-rate="1" branch-rate="0" complexity="3">
      <classes>
        <class name="Playground\Cms\Models\PageRevision" filename="Models/PageRevision.php" line-rate="1" branch-rate="0" complexity="3">
          <methods>
            <method name="casts" signature="" line-rate="1" branch-rate="0" complexity="1">
              <lines>
                <line number="299" hits="8"/>
                <line number="300" hits="8"/>
                <line number="301" hits="8"/>
                <line number="302" hits="8"/>
                <line number="303" hits="8"/>
                <line number="304" hits="8"/>
                <line number="305" hits="8"/>
                <line number="306" hits="8"/>
                <line number="307" hits="8"/>
                <line number="308" hits="8"/>
                <line number="309" hits="8"/>
                <line number="310" hits="8"/>
                <line number="311" hits="8"/>
                <line number="312" hits="8"/>
                <line number="313" hits="8"/>
                <line number="314" hits="8"/>
                <line number="315" hits="8"/>
                <line number="316" hits="8"/>
                <line number="317" hits="8"/>
                <line number="318" hits="8"/>
                <line number="319" hits="8"/>
                <line number="320" hits="8"/>
                <line number="321" hits="8"/>
                <line number="322" hits="8"/>
                <line number="323" hits="8"/>
                <line number="324" hits="8"/>
                <line number="325" hits="8"/>
                <line number="326" hits="8"/>
                <line number="327" hits="8"/>
                <line number="328" hits="8"/>
                <line number="329" hits="8"/>
                <line number="330" hits="8"/>
                <line number="331" hits="8"/>
                <line number="332" hits="8"/>
                <line number="333" hits="8"/>
                <line number="334" hits="8"/>
                <line number="335" hits="8"/>
                <line number="336" hits="8"/>
                <line number="337" hits="8"/>
                <line number="338" hits="8"/>
                <line number="339" hits="8"/>
                <line number="340" hits="8"/>
                <line number="341" hits="8"/>
                <line number="342" hits="8"/>
                <line number="343" hits="8"/>
                <line number="344" hits="8"/>
                <line number="345" hits="8"/>
                <line number="346" hits="8"/>
                <line number="347" hits="8"/>
                <line number="348" hits="8"/>
                <line number="349" hits="8"/>
                <line number="350" hits="8"/>
                <line number="351" hits="8"/>
                <line number="352" hits="8"/>
                <line number="353" hits="8"/>
                <line number="354" hits="8"/>
                <line number="355" hits="8"/>
                <line number="356" hits="8"/>
                <line number="357" hits="8"/>
                <line number="358" hits="8"/>
                <line number="359" hits="8"/>
                <line number="360" hits="8"/>
                <line number="361" hits="8"/>
                <line number="362" hits="8"/>
                <line number="363" hits="8"/>
                <line number="364" hits="8"/>
                <line number="365" hits="8"/>
                <line number="366" hits="8"/>
                <line number="367" hits="8"/>
                <line number="368" hits="8"/>
                <line number="369" hits="8"/>
                <line number="370" hits="8"/>
                <line number="371" hits="8"/>
                <line number="372" hits="8"/>
                <line number="373" hits="8"/>
                <line number="374" hits="8"/>
                <line number="375" hits="8"/>
                <line number="376" hits="8"/>
                <line number="377" hits="8"/>
                <line number="378" hits="8"/>
                <line number="379" hits="8"/>
                <line number="380" hits="8"/>
                <line number="381" hits="8"/>
                <line number="382" hits="8"/>
              </lines>
            </method>
            <method name="parent" signature="" line-rate="1" branch-rate="0" complexity="1">
              <lines>
                <line number="390" hits="2"/>
                <line number="391" hits="2"/>
                <line number="392" hits="2"/>
                <line number="393" hits="2"/>
                <line number="394" hits="2"/>
              </lines>
            </method>
            <method name="page" signature="" line-rate="1" branch-rate="0" complexity="1">
              <lines>
                <line number="402" hits="2"/>
                <line number="403" hits="2"/>
                <line number="404" hits="2"/>
                <line number="405" hits="2"/>
                <line number="406" hits="2"/>
              </lines>
            </method>
          </methods>
          <lines>
            <line number="299" hits="8"/>
            <line number="300" hits="8"/>
            <line number="301" hits="8"/>
            <line number="302" hits="8"/>
            <line number="303" hits="8"/>
            <line number="304" hits="8"/>
            <line number="305" hits="8"/>
            <line number="306" hits="8"/>
            <line number="307" hits="8"/>
            <line number="308" hits="8"/>
            <line number="309" hits="8"/>
            <line number="310" hits="8"/>
            <line number="311" hits="8"/>
            <line number="312" hits="8"/>
            <line number="313" hits="8"/>
            <line number="314" hits="8"/>
            <line number="315" hits="8"/>
            <line number="316" hits="8"/>
            <line number="317" hits="8"/>
            <line number="318" hits="8"/>
            <line number="319" hits="8"/>
            <line number="320" hits="8"/>
            <line number="321" hits="8"/>
            <line number="322" hits="8"/>
            <line number="323" hits="8"/>
            <line number="324" hits="8"/>
            <line number="325" hits="8"/>
            <line number="326" hits="8"/>
            <line number="327" hits="8"/>
            <line number="328" hits="8"/>
            <line number="329" hits="8"/>
            <line number="330" hits="8"/>
            <line number="331" hits="8"/>
            <line number="332" hits="8"/>
            <line number="333" hits="8"/>
            <line number="334" hits="8"/>
            <line number="335" hits="8"/>
            <line number="336" hits="8"/>
            <line number="337" hits="8"/>
            <line number="338" hits="8"/>
            <line number="339" hits="8"/>
            <line number="340" hits="8"/>
            <line number="341" hits="8"/>
            <line number="342" hits="8"/>
            <line number="343" hits="8"/>
            <line number="344" hits="8"/>
            <line number="345" hits="8"/>
            <line number="346" hits="8"/>
            <line number="347" hits="8"/>
            <line number="348" hits="8"/>
            <line number="349" hits="8"/>
            <line number="350" hits="8"/>
            <line number="351" hits="8"/>
            <line number="352" hits="8"/>
            <line number="353" hits="8"/>
            <line number="354" hits="8"/>
            <line number="355" hits="8"/>
            <line number="356" hits="8"/>
            <line number="357" hits="8"/>
            <line number="358" hits="8"/>
            <line number="359" hits="8"/>
            <line number="360" hits="8"/>
            <line number="361" hits="8"/>
            <line number="362" hits="8"/>
            <line number="363" hits="8"/>
            <line number="364" hits="8"/>
            <line number="365" hits="8"/>
            <line number="366" hits="8"/>
            <line number="367" hits="8"/>
            <line number="368" hits="8"/>
            <line number="369" hits="8"/>
            <line number="370" hits="8"/>
            <line number="371" hits="8"/>
            <line number="372" hits="8"/>
            <line number="373" hits="8"/>
            <line number="374" hits="8"/>
            <line number="375" hits="8"/>
            <line number="376" hits="8"/>
            <line number="377" hits="8"/>
            <line number="378" hits="8"/>
            <line number="379" hits="8"/>
            <line number="380" hits="8"/>
            <line number="381" hits="8"/>
            <line number="382" hits="8"/>
            <line number="390" hits="2"/>
            <line number="391" hits="2"/>
            <line number="392" hits="2"/>
            <line number="393" hits="2"/>
            <line number="394" hits="2"/>
            <line number="402" hits="2"/>
            <line number="403" hits="2"/>
            <line number="404" hits="2"/>
            <line number="405" hits="2"/>
            <line number="406" hits="2"/>
          </lines>
        </class>
      </classes>
    </package>
    <package name="Models/Snippet.php" line-rate="1" branch-rate="0" complexity="2">
      <classes>
        <class name="Playground\Cms\Models\Snippet" filename="Models/Snippet.php" line-rate="1" branch-rate="0" complexity="2">
          <methods>
            <method name="casts" signature="" line-rate="1" branch-rate="0" complexity="1">
              <lines>
                <line number="282" hits="8"/>
                <line number="283" hits="8"/>
                <line number="284" hits="8"/>
                <line number="285" hits="8"/>
                <line number="286" hits="8"/>
                <line number="287" hits="8"/>
                <line number="288" hits="8"/>
                <line number="289" hits="8"/>
                <line number="290" hits="8"/>
                <line number="291" hits="8"/>
                <line number="292" hits="8"/>
                <line number="293" hits="8"/>
                <line number="294" hits="8"/>
                <line number="295" hits="8"/>
                <line number="296" hits="8"/>
                <line number="297" hits="8"/>
                <line number="298" hits="8"/>
                <line number="299" hits="8"/>
                <line number="300" hits="8"/>
                <line number="301" hits="8"/>
                <line number="302" hits="8"/>
                <line number="303" hits="8"/>
                <line number="304" hits="8"/>
                <line number="305" hits="8"/>
                <line number="306" hits="8"/>
                <line number="307" hits="8"/>
                <line number="308" hits="8"/>
                <line number="309" hits="8"/>
                <line number="310" hits="8"/>
                <line number="311" hits="8"/>
                <line number="312" hits="8"/>
                <line number="313" hits="8"/>
                <line number="314" hits="8"/>
                <line number="315" hits="8"/>
                <line number="316" hits="8"/>
                <line number="317" hits="8"/>
                <line number="318" hits="8"/>
                <line number="319" hits="8"/>
                <line number="320" hits="8"/>
                <line number="321" hits="8"/>
                <line number="322" hits="8"/>
                <line number="323" hits="8"/>
                <line number="324" hits="8"/>
                <line number="325" hits="8"/>
                <line number="326" hits="8"/>
                <line number="327" hits="8"/>
                <line number="328" hits="8"/>
                <line number="329" hits="8"/>
                <line number="330" hits="8"/>
                <line number="331" hits="8"/>
                <line number="332" hits="8"/>
                <line number="333" hits="8"/>
                <line number="334" hits="8"/>
                <line number="335" hits="8"/>
                <line number="336" hits="8"/>
                <line number="337" hits="8"/>
                <line number="338" hits="8"/>
                <line number="339" hits="8"/>
                <line number="340" hits="8"/>
                <line number="341" hits="8"/>
                <line number="342" hits="8"/>
                <line number="343" hits="8"/>
                <line number="344" hits="8"/>
                <line number="345" hits="8"/>
                <line number="346" hits="8"/>
                <line number="347" hits="8"/>
                <line number="348" hits="8"/>
                <line number="349" hits="8"/>
                <line number="350" hits="8"/>
                <line number="351" hits="8"/>
                <line number="352" hits="8"/>
                <line number="353" hits="8"/>
                <line number="354" hits="8"/>
                <line number="355" hits="8"/>
                <line number="356" hits="8"/>
                <line number="357" hits="8"/>
                <line number="358" hits="8"/>
                <line number="359" hits="8"/>
                <line number="360" hits="8"/>
              </lines>
            </method>
            <method name="revisions" signature="" line-rate="1" branch-rate="0" complexity="1">
              <lines>
                <line number="368" hits="2"/>
                <line number="369" hits="2"/>
                <line number="370" hits="2"/>
                <line number="371" hits="2"/>
                <line number="372" hits="2"/>
              </lines>
            </method>
          </methods>
          <lines>
            <line number="282" hits="8"/>
            <line number="283" hits="8"/>
            <line number="284" hits="8"/>
            <line number="285" hits="8"/>
            <line number="286" hits="8"/>
            <line number="287" hits="8"/>
            <line number="288" hits="8"/>
            <line number="289" hits="8"/>
            <line number="290" hits="8"/>
            <line number="291" hits="8"/>
            <line number="292" hits="8"/>
            <line number="293" hits="8"/>
            <line number="294" hits="8"/>
            <line number="295" hits="8"/>
            <line number="296" hits="8"/>
            <line number="297" hits="8"/>
            <line number="298" hits="8"/>
            <line number="299" hits="8"/>
            <line number="300" hits="8"/>
            <line number="301" hits="8"/>
            <line number="302" hits="8"/>
            <line number="303" hits="8"/>
            <line number="304" hits="8"/>
            <line number="305" hits="8"/>
            <line number="306" hits="8"/>
            <line number="307" hits="8"/>
            <line number="308" hits="8"/>
            <line number="309" hits="8"/>
            <line number="310" hits="8"/>
            <line number="311" hits="8"/>
            <line number="312" hits="8"/>
            <line number="313" hits="8"/>
            <line number="314" hits="8"/>
            <line number="315" hits="8"/>
            <line number="316" hits="8"/>
            <line number="317" hits="8"/>
            <line number="318" hits="8"/>
            <line number="319" hits="8"/>
            <line number="320" hits="8"/>
            <line number="321" hits="8"/>
            <line number="322" hits="8"/>
            <line number="323" hits="8"/>
            <line number="324" hits="8"/>
            <line number="325" hits="8"/>
            <line number="326" hits="8"/>
            <line number="327" hits="8"/>
            <line number="328" hits="8"/>
            <line number="329" hits="8"/>
            <line number="330" hits="8"/>
            <line number="331" hits="8"/>
            <line number="332" hits="8"/>
            <line number="333" hits="8"/>
            <line number="334" hits="8"/>
            <line number="335" hits="8"/>
            <line number="336" hits="8"/>
            <line number="337" hits="8"/>
            <line number="338" hits="8"/>
            <line number="339" hits="8"/>
            <line number="340" hits="8"/>
            <line number="341" hits="8"/>
            <line number="342" hits="8"/>
            <line number="343" hits="8"/>
            <line number="344" hits="8"/>
            <line number="345" hits="8"/>
            <line number="346" hits="8"/>
            <line number="347" hits="8"/>
            <line number="348" hits="8"/>
            <line number="349" hits="8"/>
            <line number="350" hits="8"/>
            <line number="351" hits="8"/>
            <line number="352" hits="8"/>
            <line number="353" hits="8"/>
            <line number="354" hits="8"/>
            <line number="355" hits="8"/>
            <line number="356" hits="8"/>
            <line number="357" hits="8"/>
            <line number="358" hits="8"/>
            <line number="359" hits="8"/>
            <line number="360" hits="8"/>
            <line number="368" hits="2"/>
            <line number="369" hits="2"/>
            <line number="370" hits="2"/>
            <line number="371" hits="2"/>
            <line number="372" hits="2"/>
          </lines>
        </class>
      </classes>
    </package>
    <package name="Models/SnippetRevision.php" line-rate="1" branch-rate="0" complexity="3">
      <classes>
        <class name="Playground\Cms\Models\SnippetRevision" filename="Models/SnippetRevision.php" line-rate="1" branch-rate="0" complexity="3">
          <methods>
            <method name="casts" signature="" line-rate="1" branch-rate="0" complexity="1">
              <lines>
                <line number="283" hits="8"/>
                <line number="284" hits="8"/>
                <line number="285" hits="8"/>
                <line number="286" hits="8"/>
                <line number="287" hits="8"/>
                <line number="288" hits="8"/>
                <line number="289" hits="8"/>
                <line number="290" hits="8"/>
                <line number="291" hits="8"/>
                <line number="292" hits="8"/>
                <line number="293" hits="8"/>
                <line number="294" hits="8"/>
                <line number="295" hits="8"/>
                <line number="296" hits="8"/>
                <line number="297" hits="8"/>
                <line number="298" hits="8"/>
                <line number="299" hits="8"/>
                <line number="300" hits="8"/>
                <line number="301" hits="8"/>
                <line number="302" hits="8"/>
                <line number="303" hits="8"/>
                <line number="304" hits="8"/>
                <line number="305" hits="8"/>
                <line number="306" hits="8"/>
                <line number="307" hits="8"/>
                <line number="308" hits="8"/>
                <line number="309" hits="8"/>
                <line number="310" hits="8"/>
                <line number="311" hits="8"/>
                <line number="312" hits="8"/>
                <line number="313" hits="8"/>
                <line number="314" hits="8"/>
                <line number="315" hits="8"/>
                <line number="316" hits="8"/>
                <line number="317" hits="8"/>
                <line number="318" hits="8"/>
                <line number="319" hits="8"/>
                <line number="320" hits="8"/>
                <line number="321" hits="8"/>
                <line number="322" hits="8"/>
                <line number="323" hits="8"/>
                <line number="324" hits="8"/>
                <line number="325" hits="8"/>
                <line number="326" hits="8"/>
                <line number="327" hits="8"/>
                <line number="328" hits="8"/>
                <line number="329" hits="8"/>
                <line number="330" hits="8"/>
                <line number="331" hits="8"/>
                <line number="332" hits="8"/>
                <line number="333" hits="8"/>
                <line number="334" hits="8"/>
                <line number="335" hits="8"/>
                <line number="336" hits="8"/>
                <line number="337" hits="8"/>
                <line number="338" hits="8"/>
                <line number="339" hits="8"/>
                <line number="340" hits="8"/>
                <line number="341" hits="8"/>
                <line number="342" hits="8"/>
                <line number="343" hits="8"/>
                <line number="344" hits="8"/>
                <line number="345" hits="8"/>
                <line number="346" hits="8"/>
                <line number="347" hits="8"/>
                <line number="348" hits="8"/>
                <line number="349" hits="8"/>
                <line number="350" hits="8"/>
                <line number="351" hits="8"/>
                <line number="352" hits="8"/>
                <line number="353" hits="8"/>
                <line number="354" hits="8"/>
                <line number="355" hits="8"/>
                <line number="356" hits="8"/>
                <line number="357" hits="8"/>
                <line number="358" hits="8"/>
                <line number="359" hits="8"/>
                <line number="360" hits="8"/>
                <line number="361" hits="8"/>
              </lines>
            </method>
            <method name="parent" signature="" line-rate="1" branch-rate="0" complexity="1">
              <lines>
                <line number="369" hits="2"/>
                <line number="370" hits="2"/>
                <line number="371" hits="2"/>
                <line number="372" hits="2"/>
                <line number="373" hits="2"/>
              </lines>
            </method>
            <method name="snippet" signature="" line-rate="1" branch-rate="0" complexity="1">
              <lines>
                <line number="381" hits="2"/>
                <line number="382" hits="2"/>
                <line number="383" hits="2"/>
                <line number="384" hits="2"/>
                <line number="385" hits="2"/>
              </lines>
            </method>
          </methods>
          <lines>
            <line number="283" hits="8"/>
            <line number="284" hits="8"/>
            <line number="285" hits="8"/>
            <line number="286" hits="8"/>
            <line number="287" hits="8"/>
            <line number="288" hits="8"/>
            <line number="289" hits="8"/>
            <line number="290" hits="8"/>
            <line number="291" hits="8"/>
            <line number="292" hits="8"/>
            <line number="293" hits="8"/>
            <line number="294" hits="8"/>
            <line number="295" hits="8"/>
            <line number="296" hits="8"/>
            <line number="297" hits="8"/>
            <line number="298" hits="8"/>
            <line number="299" hits="8"/>
            <line number="300" hits="8"/>
            <line number="301" hits="8"/>
            <line number="302" hits="8"/>
            <line number="303" hits="8"/>
            <line number="304" hits="8"/>
            <line number="305" hits="8"/>
            <line number="306" hits="8"/>
            <line number="307" hits="8"/>
            <line number="308" hits="8"/>
            <line number="309" hits="8"/>
            <line number="310" hits="8"/>
            <line number="311" hits="8"/>
            <line number="312" hits="8"/>
            <line number="313" hits="8"/>
            <line number="314" hits="8"/>
            <line number="315" hits="8"/>
            <line number="316" hits="8"/>
            <line number="317" hits="8"/>
            <line number="318" hits="8"/>
            <line number="319" hits="8"/>
            <line number="320" hits="8"/>
            <line number="321" hits="8"/>
            <line number="322" hits="8"/>
            <line number="323" hits="8"/>
            <line number="324" hits="8"/>
            <line number="325" hits="8"/>
            <line number="326" hits="8"/>
            <line number="327" hits="8"/>
            <line number="328" hits="8"/>
            <line number="329" hits="8"/>
            <line number="330" hits="8"/>
            <line number="331" hits="8"/>
            <line number="332" hits="8"/>
            <line number="333" hits="8"/>
            <line number="334" hits="8"/>
            <line number="335" hits="8"/>
            <line number="336" hits="8"/>
            <line number="337" hits="8"/>
            <line number="338" hits="8"/>
            <line number="339" hits="8"/>
            <line number="340" hits="8"/>
            <line number="341" hits="8"/>
            <line number="342" hits="8"/>
            <line number="343" hits="8"/>
            <line number="344" hits="8"/>
            <line number="345" hits="8"/>
            <line number="346" hits="8"/>
            <line number="347" hits="8"/>
            <line number="348" hits="8"/>
            <line number="349" hits="8"/>
            <line number="350" hits="8"/>
            <line number="351" hits="8"/>
            <line number="352" hits="8"/>
            <line number="353" hits="8"/>
            <line number="354" hits="8"/>
            <line number="355" hits="8"/>
            <line number="356" hits="8"/>
            <line number="357" hits="8"/>
            <line number="358" hits="8"/>
            <line number="359" hits="8"/>
            <line number="360" hits="8"/>
            <line number="361" hits="8"/>
            <line number="369" hits="2"/>
            <line number="370" hits="2"/>
            <line number="371" hits="2"/>
            <line number="372" hits="2"/>
            <line number="373" hits="2"/>
            <line number="381" hits="2"/>
            <line number="382" hits="2"/>
            <line number="383" hits="2"/>
            <line number="384" hits="2"/>
            <line number="385" hits="2"/>
          </lines>
        </class>
      </classes>
    </package>
    <package name="ServiceProvider.php" line-rate="1" branch-rate="0" complexity="15">
      <classes>
        <class name="Playground\Cms\ServiceProvider" filename="ServiceProvider.php" line-rate="1" branch-rate="0" complexity="15">
          <methods>
            <method name="boot" signature="" line-rate="1" branch-rate="0" complexity="6">
              <lines>
                <line number="32" hits="25"/>
                <line number="34" hits="25"/>
                <line number="36" hits="25"/>
                <line number="38" hits="25"/>
                <line number="39" hits="25"/>
                <line number="40" hits="25"/>
                <line number="43" hits="25"/>
                <line number="46" hits="25"/>
                <line number="47" hits="24"/>
                <line number="52" hits="25"/>
                <line number="53" hits="25"/>
              </lines>
            </method>
            <method name="register" signature="" line-rate="1" branch-rate="0" complexity="1">
              <lines>
                <line number="62" hits="25"/>
                <line number="63" hits="25"/>
                <line number="64" hits="25"/>
                <line number="65" hits="25"/>
              </lines>
            </method>
            <method name="publishMigrations" signature="" line-rate="1" branch-rate="0" complexity="2">
              <lines>
                <line number="73" hits="25"/>
                <line number="75" hits="25"/>
                <line number="76" hits="25"/>
                <line number="77" hits="25"/>
                <line number="78" hits="25"/>
                <line number="79" hits="25"/>
                <line number="80" hits="25"/>
                <line number="81" hits="25"/>
                <line number="84" hits="25"/>
              </lines>
            </method>
            <method name="about" signature="" line-rate="1" branch-rate="0" complexity="5">
              <lines>
                <line number="89" hits="25"/>
                <line number="90" hits="25"/>
                <line number="92" hits="25"/>
                <line number="94" hits="25"/>
                <line number="96" hits="25"/>
                <line number="97" hits="25"/>
                <line number="98" hits="25"/>
                <line number="99" hits="25"/>
                <line number="100" hits="25"/>
              </lines>
            </method>
            <method name="version" signature="" line-rate="1" branch-rate="0" complexity="1">
              <lines>
                <line number="105" hits="25"/>
              </lines>
            </method>
          </methods>
          <lines>
            <line number="32" hits="25"/>
            <line number="34" hits="25"/>
            <line number="36" hits="25"/>
            <line number="38" hits="25"/>
            <line number="39" hits="25"/>
            <line number="40" hits="25"/>
            <line number="43" hits="25"/>
            <line number="46" hits="25"/>
            <line number="47" hits="24"/>
            <line number="52" hits="25"/>
            <line number="53" hits="25"/>
            <line number="62" hits="25"/>
            <line number="63" hits="25"/>
            <line number="64" hits="25"/>
            <line number="65" hits="25"/>
            <line number="73" hits="25"/>
            <line number="75" hits="25"/>
            <line number="76" hits="25"/>
            <line number="77" hits="25"/>
            <line number="78" hits="25"/>
            <line number="79" hits="25"/>
            <line number="80" hits="25"/>
            <line number="81" hits="25"/>
            <line number="84" hits="25"/>
            <line number="89" hits="25"/>
            <line number="90" hits="25"/>
            <line number="92" hits="25"/>
            <line number="94" hits="25"/>
            <line number="96" hits="25"/>
            <line number="97" hits="25"/>
            <line number="98" hits="25"/>
            <line number="99" hits="25"/>
            <line number="100" hits="25"/>
            <line number="105" hits="25"/>
          </lines>
        </class>
      </classes>
    </package>
  </packages>
</coverage>
