<?xml version="1.0" encoding="UTF-8"?>
<!DOCTYPE coverage SYSTEM "http://cobertura.sourceforge.net/xml/coverage-04.dtd">
<coverage line-rate="1" branch-rate="0" lines-covered="63" lines-valid="63" branches-covered="0" branches-valid="0" complexity="20" version="0.4" timestamp="1710396484">
  <sources>
    <source>/app/src</source>
  </sources>
  <packages>
    <package name="Models/Page.php" line-rate="1" branch-rate="0" complexity="1">
      <classes>
        <class name="Playground\Cms\Models\Page" filename="Models/Page.php" line-rate="1" branch-rate="0" complexity="1">
          <methods>
            <method name="revisions" signature="" line-rate="1" branch-rate="0" complexity="1">
              <lines>
                <line number="261" hits="2"/>
                <line number="262" hits="2"/>
                <line number="263" hits="2"/>
                <line number="264" hits="2"/>
                <line number="265" hits="2"/>
              </lines>
            </method>
          </methods>
          <lines>
            <line number="261" hits="2"/>
            <line number="262" hits="2"/>
            <line number="263" hits="2"/>
            <line number="264" hits="2"/>
            <line number="265" hits="2"/>
          </lines>
        </class>
      </classes>
    </package>
    <package name="Models/PageRevision.php" line-rate="1" branch-rate="0" complexity="2">
      <classes>
        <class name="Playground\Cms\Models\PageRevision" filename="Models/PageRevision.php" line-rate="1" branch-rate="0" complexity="2">
          <methods>
            <method name="parent" signature="" line-rate="1" branch-rate="0" complexity="1">
              <lines>
                <line number="263" hits="2"/>
                <line number="264" hits="2"/>
                <line number="265" hits="2"/>
                <line number="266" hits="2"/>
                <line number="267" hits="2"/>
              </lines>
            </method>
            <method name="page" signature="" line-rate="1" branch-rate="0" complexity="1">
              <lines>
                <line number="275" hits="2"/>
                <line number="276" hits="2"/>
                <line number="277" hits="2"/>
                <line number="278" hits="2"/>
                <line number="279" hits="2"/>
              </lines>
            </method>
          </methods>
          <lines>
            <line number="263" hits="2"/>
            <line number="264" hits="2"/>
            <line number="265" hits="2"/>
            <line number="266" hits="2"/>
            <line number="267" hits="2"/>
            <line number="275" hits="2"/>
            <line number="276" hits="2"/>
            <line number="277" hits="2"/>
            <line number="278" hits="2"/>
            <line number="279" hits="2"/>
          </lines>
        </class>
      </classes>
    </package>
    <package name="Models/Snippet.php" line-rate="1" branch-rate="0" complexity="1">
      <classes>
        <class name="Playground\Cms\Models\Snippet" filename="Models/Snippet.php" line-rate="1" branch-rate="0" complexity="1">
          <methods>
            <method name="revisions" signature="" line-rate="1" branch-rate="0" complexity="1">
              <lines>
                <line number="248" hits="2"/>
                <line number="249" hits="2"/>
                <line number="250" hits="2"/>
                <line number="251" hits="2"/>
                <line number="252" hits="2"/>
              </lines>
            </method>
          </methods>
          <lines>
            <line number="248" hits="2"/>
            <line number="249" hits="2"/>
            <line number="250" hits="2"/>
            <line number="251" hits="2"/>
            <line number="252" hits="2"/>
          </lines>
        </class>
      </classes>
    </package>
    <package name="Models/SnippetRevision.php" line-rate="1" branch-rate="0" complexity="2">
      <classes>
        <class name="Playground\Cms\Models\SnippetRevision" filename="Models/SnippetRevision.php" line-rate="1" branch-rate="0" complexity="2">
          <methods>
            <method name="parent" signature="" line-rate="1" branch-rate="0" complexity="1">
              <lines>
                <line number="248" hits="2"/>
                <line number="249" hits="2"/>
                <line number="250" hits="2"/>
                <line number="251" hits="2"/>
                <line number="252" hits="2"/>
              </lines>
            </method>
            <method name="snippet" signature="" line-rate="1" branch-rate="0" complexity="1">
              <lines>
                <line number="260" hits="2"/>
                <line number="261" hits="2"/>
                <line number="262" hits="2"/>
                <line number="263" hits="2"/>
                <line number="264" hits="2"/>
              </lines>
            </method>
          </methods>
          <lines>
            <line number="248" hits="2"/>
            <line number="249" hits="2"/>
            <line number="250" hits="2"/>
            <line number="251" hits="2"/>
            <line number="252" hits="2"/>
            <line number="260" hits="2"/>
            <line number="261" hits="2"/>
            <line number="262" hits="2"/>
            <line number="263" hits="2"/>
            <line number="264" hits="2"/>
          </lines>
        </class>
      </classes>
    </package>
    <package name="ServiceProvider.php" line-rate="1" branch-rate="0" complexity="14">
      <classes>
        <class name="Playground\Cms\ServiceProvider" filename="ServiceProvider.php" line-rate="1" branch-rate="0" complexity="14">
          <methods>
            <method name="boot" signature="" line-rate="1" branch-rate="0" complexity="5">
              <lines>
                <line number="32" hits="25"/>
                <line number="34" hits="25"/>
                <line number="36" hits="25"/>
                <line number="38" hits="25"/>
                <line number="39" hits="25"/>
                <line number="40" hits="25"/>
                <line number="43" hits="25"/>
                <line number="46" hits="25"/>
                <line number="47" hits="24"/>
                <line number="52" hits="25"/>
              </lines>
            </method>
            <method name="register" signature="" line-rate="1" branch-rate="0" complexity="1">
              <lines>
                <line number="60" hits="25"/>
                <line number="61" hits="25"/>
                <line number="62" hits="25"/>
                <line number="63" hits="25"/>
              </lines>
            </method>
            <method name="publishMigrations" signature="" line-rate="1" branch-rate="0" complexity="2">
              <lines>
                <line number="71" hits="25"/>
                <line number="73" hits="25"/>
                <line number="74" hits="25"/>
                <line number="75" hits="25"/>
                <line number="76" hits="25"/>
                <line number="77" hits="25"/>
                <line number="78" hits="25"/>
                <line number="79" hits="25"/>
                <line number="82" hits="25"/>
              </lines>
            </method>
            <method name="about" signature="" line-rate="1" branch-rate="0" complexity="5">
              <lines>
                <line number="87" hits="25"/>
                <line number="88" hits="25"/>
                <line number="90" hits="25"/>
                <line number="92" hits="25"/>
                <line number="94" hits="25"/>
                <line number="95" hits="25"/>
                <line number="96" hits="25"/>
                <line number="97" hits="25"/>
                <line number="98" hits="25"/>
              </lines>
            </method>
            <method name="version" signature="" line-rate="1" branch-rate="0" complexity="1">
              <lines>
                <line number="103" hits="25"/>
              </lines>
            </method>
          </methods>
          <lines>
            <line number="32" hits="25"/>
            <line number="34" hits="25"/>
            <line number="36" hits="25"/>
            <line number="38" hits="25"/>
            <line number="39" hits="25"/>
            <line number="40" hits="25"/>
            <line number="43" hits="25"/>
            <line number="46" hits="25"/>
            <line number="47" hits="24"/>
            <line number="52" hits="25"/>
            <line number="60" hits="25"/>
            <line number="61" hits="25"/>
            <line number="62" hits="25"/>
            <line number="63" hits="25"/>
            <line number="71" hits="25"/>
            <line number="73" hits="25"/>
            <line number="74" hits="25"/>
            <line number="75" hits="25"/>
            <line number="76" hits="25"/>
            <line number="77" hits="25"/>
            <line number="78" hits="25"/>
            <line number="79" hits="25"/>
            <line number="82" hits="25"/>
            <line number="87" hits="25"/>
            <line number="88" hits="25"/>
            <line number="90" hits="25"/>
            <line number="92" hits="25"/>
            <line number="94" hits="25"/>
            <line number="95" hits="25"/>
            <line number="96" hits="25"/>
            <line number="97" hits="25"/>
            <line number="98" hits="25"/>
            <line number="103" hits="25"/>
          </lines>
        </class>
      </classes>
    </package>
  </packages>
</coverage>
